#
# A fatal error has been detected by the Java Runtime Environment:
#
#  Internal Error (0xe0434352), pid=21064, tid=0x0000000000006960
#
# JRE version: Java(TM) SE Runtime Environment (8.0_401) (build 1.8.0_401-b10)
# Java VM: Java HotSpot(TM) 64-Bit Server VM (25.401-b10 mixed mode windows-amd64 compressed oops)
# Problematic frame:
# C  [KERNELBASE.dll+0x653ac]
#
# Failed to write core dump. Minidumps are not enabled by default on client versions of Windows
#
# If you would like to submit a bug report, please visit:
#   http://bugreport.java.com/bugreport/crash.jsp
# The crash happened outside the Java Virtual Machine in native code.
# See problematic frame for where to report the bug.
#

---------------  T H R E A D  ---------------

Current thread (0x0000023aa53e9000):  JavaThread "CAP4053.Student.UrABot" daemon [_thread_in_native, id=26976, stack(0x000000a19b780000,0x000000a19b880000)]

siginfo: ExceptionCode=0xe0434352, ExceptionInformation=0xffffffff80131530 0x0000000000000000 0x0000000000000000 0x0000000000000000 0x00007ffe05bb0000 

Registers:
RAX=0x00007ffe05fa970d, RBX=0x00000000e0434352, RCX=0x000000a100000000, RDX=0x00007ffe18903320
RSP=0x000000a19b87ce20, RBP=0x000000a19b87d090, RSI=0x0000000000000001, RDI=0x0000000000000005
R8 =0x0000000000000000, R9 =0x00002e8a639b30a2, R10=0x0000000000000000, R11=0x0000023ac08e1b40
R12=0x0000000000004000, R13=0x00007ffe041008a8, R14=0x000000a19b87cfb8, R15=0x0000000000000001
RIP=0x00007ffe160b53ac, EFLAGS=0x0000000000000202

Top of Stack: (sp=0x000000a19b87ce20)
0x000000a19b87ce20:   0000023aa661b520 00000000e0434352
0x000000a19b87ce30:   0000000000000001 0000023ac08e1b40
0x000000a19b87ce40:   00000081e0434352 0000000000000000
0x000000a19b87ce50:   00007ffe160b53ac 0000000000000005
0x000000a19b87ce60:   ffffffff80131530 0000000000000000
0x000000a19b87ce70:   0000000000000000 0000000000000000
0x000000a19b87ce80:   00007ffe05bb0000 00007ffe160b783d
0x000000a19b87ce90:   0000e4cc3f2ecc5e 00007ffe05d24fd4
0x000000a19b87cea0:   0000000000000000 0000023ac08e1b40
0x000000a19b87ceb0:   0000023ac08e1b40 00007ffe05cebe80
0x000000a19b87cec0:   0000e4cc00000000 00007ffe05cd7dd8
0x000000a19b87ced0:   0000023ac08e1b40 000000a19b87d330
0x000000a19b87cee0:   0000718ddb68b337 00007ffe05be0426
0x000000a19b87cef0:   00000000e0434352 00007ffe05cd8584
0x000000a19b87cf00:   00000000e0434352 000000a19b87cec0
0x000000a19b87cf10:   0000023aa661b520 00007ffe05fa970d 

Instructions: (pc=0x00007ffe160b53ac)
0x00007ffe160b538c:   0f 46 c0 44 8b c0 44 89 44 24 38 49 c1 e0 03 e8
0x00007ffe160b539c:   97 f5 05 00 48 8d 4c 24 20 48 ff 15 b4 b6 1f 00
0x00007ffe160b53ac:   0f 1f 44 00 00 48 8b 8c 24 c0 00 00 00 48 33 cc
0x00007ffe160b53bc:   e8 8f 2d 05 00 48 81 c4 d8 00 00 00 c3 cc 83 64 


Register to memory mapping:

RAX=0x00007ffe05fa970d is an unknown value
RBX=0x00000000e0434352 is pointing into object: 0x00000000e03171d8
[I 
 - klass: {type array int}
 - length: 605319
RCX=0x000000a100000000 is an unknown value
RDX=0x00007ffe18903320 is an unknown value
RSP=0x000000a19b87ce20 is pointing into the stack for thread: 0x0000023aa53e9000
RBP=0x000000a19b87d090 is pointing into the stack for thread: 0x0000023aa53e9000
RSI=0x0000000000000001 is an unknown value
RDI=0x0000000000000005 is an unknown value
R8 =0x0000000000000000 is an unknown value
R9 =0x00002e8a639b30a2 is an unknown value
R10=0x0000000000000000 is an unknown value
R11=0x0000023ac08e1b40 is an unknown value
R12=0x0000000000004000 is an unknown value
R13=0x00007ffe041008a8 is an unknown value
R14=0x000000a19b87cfb8 is pointing into the stack for thread: 0x0000023aa53e9000
R15=0x0000000000000001 is an unknown value


Stack: [0x000000a19b780000,0x000000a19b880000],  sp=0x000000a19b87ce20,  free space=1011k
Native frames: (J=compiled Java code, j=interpreted, Vv=VM code, C=native code)
C  [KERNELBASE.dll+0x653ac]
C  [clr.dll+0x128584]
C  [clr.dll+0x3012c6]
C  [clr.dll+0x3183ba]
C  [clr.dll+0x3891b]
C  [clr.dll+0x18e7b5]
C  [clr.dll+0x1912c3]
C  [clr.dll+0x5961b]
C  [clr.dll+0xa8b5a]
C  [clr.dll+0x40254c]
C  [clr.dll+0x405a02]
C  [clr.dll+0x405a4c]
C  [clr.dll+0x3ddf32]
C  [clr.dll+0x3dae6d]
C  [clr.dll+0x4f894b]
C  [clr.dll+0x18fe9d]
C  0x0000023a8fe5a02e

Java frames: (J=compiled Java code, j=interpreted, Vv=VM code)
j  net.sf.robocode.host.proxies.__IHostingRobotProxy.forceStopThread()V+0
j  net.sf.robocode.battle.peer.RobotPeer.checkSkippedTurn()V+210
j  net.sf.robocode.battle.peer.RobotPeer.executeImpl(Lnet/sf/robocode/peer/ExecCommands;)Lnet/sf/robocode/peer/ExecResults;+138
j  net.sf.robocode.battle.peer.RobotPeer.executeImplSerial()V+17
v  ~StubRoutines::call_stub

---------------  P R O C E S S  ---------------

Java Threads: ( => current thread )
=>0x0000023aa53e9000 JavaThread "CAP4053.Student.UrABot" daemon [_thread_in_native, id=26976, stack(0x000000a19b780000,0x000000a19b880000)]
  0x0000023aa53e8800 JavaThread "Battle Thread" [_thread_in_native, id=13868, stack(0x000000a198700000,0x000000a198800000)]
  0x0000023aa37af800 JavaThread "TimerQueue" daemon [_thread_blocked, id=10132, stack(0x000000a19b600000,0x000000a19b700000)]
  0x0000023aa55e1000 JavaThread "Thread-3" daemon [_thread_in_native, id=32592, stack(0x000000a19b400000,0x000000a19b500000)]
  0x0000023ac0788800 JavaThread "AWT-EventQueue-0" [_thread_blocked, id=5748, stack(0x000000a19b500000,0x000000a19b600000)]
  0x0000023ac0060000 JavaThread "AWT-Shutdown" [_thread_blocked, id=21896, stack(0x000000a19b100000,0x000000a19b200000)]
  0x0000023a8e2a8000 JavaThread "DestroyJavaVM" [_thread_blocked, id=7384, stack(0x000000a198a00000,0x000000a198b00000)]
  0x0000023aa5468000 JavaThread "AWT-Windows" daemon [_thread_in_native, id=7972, stack(0x000000a19b200000,0x000000a19b300000)]
  0x0000023aa5419800 JavaThread "Java2D Disposer" daemon [_thread_blocked, id=13692, stack(0x000000a19b000000,0x000000a19b100000)]
  0x0000023aa3591800 JavaThread "Service Thread" daemon [_thread_blocked, id=11032, stack(0x000000a19ae00000,0x000000a19af00000)]
  0x0000023aa34c9000 JavaThread "C1 CompilerThread11" daemon [_thread_blocked, id=28136, stack(0x000000a19ad00000,0x000000a19ae00000)]
  0x0000023aa34cf000 JavaThread "C1 CompilerThread10" daemon [_thread_blocked, id=5764, stack(0x000000a19ac00000,0x000000a19ad00000)]
  0x0000023aa34ce800 JavaThread "C1 CompilerThread9" daemon [_thread_blocked, id=14472, stack(0x000000a19ab00000,0x000000a19ac00000)]
  0x0000023aa34cd000 JavaThread "C1 CompilerThread8" daemon [_thread_blocked, id=20732, stack(0x000000a19aa00000,0x000000a19ab00000)]
  0x0000023aa34ca000 JavaThread "C2 CompilerThread7" daemon [_thread_blocked, id=26432, stack(0x000000a19a900000,0x000000a19aa00000)]
  0x0000023aa34cc000 JavaThread "C2 CompilerThread6" daemon [_thread_blocked, id=29712, stack(0x000000a19a800000,0x000000a19a900000)]
  0x0000023aa34ca800 JavaThread "C2 CompilerThread5" daemon [_thread_blocked, id=32448, stack(0x000000a19a700000,0x000000a19a800000)]
  0x0000023aa34d0000 JavaThread "C2 CompilerThread4" daemon [_thread_blocked, id=20520, stack(0x000000a19a600000,0x000000a19a700000)]
  0x0000023aa34cd800 JavaThread "C2 CompilerThread3" daemon [_thread_blocked, id=11372, stack(0x000000a19a500000,0x000000a19a600000)]
  0x0000023aa34cb800 JavaThread "C2 CompilerThread2" daemon [_thread_blocked, id=26696, stack(0x000000a19a400000,0x000000a19a500000)]
  0x0000023aa34c4000 JavaThread "C2 CompilerThread1" daemon [_thread_blocked, id=34136, stack(0x000000a19a300000,0x000000a19a400000)]
  0x0000023aa34bd800 JavaThread "C2 CompilerThread0" daemon [_thread_blocked, id=8336, stack(0x000000a19a200000,0x000000a19a300000)]
  0x0000023aa34bd000 JavaThread "Attach Listener" daemon [_thread_blocked, id=15796, stack(0x000000a19a100000,0x000000a19a200000)]
  0x0000023aa34bc000 JavaThread "Signal Dispatcher" daemon [_thread_blocked, id=4736, stack(0x000000a19a000000,0x000000a19a100000)]
  0x0000023aa0fb0800 JavaThread "Finalizer" daemon [_thread_blocked, id=17228, stack(0x000000a199f00000,0x000000a19a000000)]
  0x0000023aa34a6000 JavaThread "Reference Handler" daemon [_thread_blocked, id=27604, stack(0x000000a199e00000,0x000000a199f00000)]

Other Threads:
  0x0000023aa0fa4000 VMThread [stack: 0x000000a199d00000,0x000000a199e00000] [id=35200]
  0x0000023aa35a5800 WatcherThread [stack: 0x000000a19af00000,0x000000a19b000000] [id=24988]

VM state:not at safepoint (normal execution)

VM Mutex/Monitor currently owned by a thread: None

heap address: 0x00000000e0000000, size: 512 MB, Compressed Oops mode: 32-bit
Narrow klass base: 0x0000000000000000, Narrow klass shift: 3
Compressed class space size: 1073741824 Address: 0x0000000100000000

Heap:
 PSYoungGen      total 101888K, used 8538K [0x00000000f5580000, 0x00000000fd100000, 0x0000000100000000)
  eden space 100864K, 7% used [0x00000000f5580000,0x00000000f5d316d0,0x00000000fb800000)
  from space 1024K, 64% used [0x00000000fba00000,0x00000000fbaa5348,0x00000000fbb00000)
  to   space 12800K, 0% used [0x00000000fc480000,0x00000000fc480000,0x00000000fd100000)
 ParOldGen       total 149504K, used 24383K [0x00000000e0000000, 0x00000000e9200000, 0x00000000f5580000)
  object space 149504K, 16% used [0x00000000e0000000,0x00000000e17cfc70,0x00000000e9200000)
 Metaspace       used 22234K, capacity 22630K, committed 23040K, reserved 1069056K
  class space    used 2856K, capacity 2980K, committed 3072K, reserved 1048576K

Card table byte_map: [0x0000023a9f200000,0x0000023a9f310000] byte_map_base: 0x0000023a9eb00000

Marking Bits: (ParMarkBitMap*) 0x00007ffcd2f95fc0
 Begin Bits: [0x0000023a9f3c0000, 0x0000023a9fbc0000)
 End Bits:   [0x0000023a9fbc0000, 0x0000023aa03c0000)

Polling page: 0x0000023a8e650000

CodeCache: size=245760Kb used=16005Kb max_used=16518Kb free=229754Kb
 bounds [0x0000023a8fe40000, 0x0000023a90e90000, 0x0000023a9ee40000]
 total_blobs=5032 nmethods=4427 adapters=511
 compilation: enabled

Compilation events (10 events):
Event: 210.246 Thread 0x0000023aa34d0000 nmethod 5277 0x0000023a90680cd0 code [0x0000023a90680e40, 0x0000023a90680fd8]
Event: 211.650 Thread 0x0000023aa34c4000 5278       4       java.util.HashMap$HashIterator::<init> (79 bytes)
Event: 211.653 Thread 0x0000023aa34c4000 nmethod 5278 0x0000023a9070bc90 code [0x0000023a9070bde0, 0x0000023a9070c018]
Event: 213.134 Thread 0x0000023aa34bd800 5279       4       sun.awt.geom.AreaOp$NZWindOp::getState (13 bytes)
Event: 213.134 Thread 0x0000023aa34bd800 nmethod 5279 0x0000023a90afd9d0 code [0x0000023a90afdb00, 0x0000023a90afdb78]
Event: 213.228 Thread 0x0000023aa34c9000 5280       1       sun.java2d.SunGraphics2D::setBackground (6 bytes)
Event: 213.228 Thread 0x0000023aa34c9000 nmethod 5280 0x0000023a90352d10 code [0x0000023a90352e60, 0x0000023a90352f98]
Event: 214.540 Thread 0x0000023aa34ca000 5281       4       sun.java2d.SunGraphics2D::getClip (9 bytes)
Event: 214.543 Thread 0x0000023aa34ca000 nmethod 5281 0x0000023a90affa50 code [0x0000023a90affc60, 0x0000023a90b002b0]
Event: 215.219 Thread 0x0000023aa34ca000 5283   !   4       sun.java2d.pipe.DrawImage::renderImageXform (713 bytes)

GC Heap History (10 events):
Event: 195.274 GC heap before
{Heap before GC invocations=23 (full 6):
 PSYoungGen      total 124416K, used 111841K [0x00000000f5580000, 0x00000000fe200000, 0x0000000100000000)
  eden space 111104K, 100% used [0x00000000f5580000,0x00000000fc200000,0x00000000fc200000)
  from space 13312K, 5% used [0x00000000fd500000,0x00000000fd5b84a0,0x00000000fe200000)
  to   space 16384K, 0% used [0x00000000fc200000,0x00000000fc200000,0x00000000fd200000)
 ParOldGen       total 149504K, used 23654K [0x00000000e0000000, 0x00000000e9200000, 0x00000000f5580000)
  object space 149504K, 15% used [0x00000000e0000000,0x00000000e1719950,0x00000000e9200000)
 Metaspace       used 22211K, capacity 22630K, committed 23040K, reserved 1069056K
  class space    used 2856K, capacity 2980K, committed 3072K, reserved 1048576K
Event: 195.275 GC heap after
Heap after GC invocations=23 (full 6):
 PSYoungGen      total 110080K, used 641K [0x00000000f5580000, 0x00000000fde00000, 0x0000000100000000)
  eden space 109056K, 0% used [0x00000000f5580000,0x00000000f5580000,0x00000000fc000000)
  from space 1024K, 62% used [0x00000000fc200000,0x00000000fc2a07e0,0x00000000fc300000)
  to   space 15360K, 0% used [0x00000000fcf00000,0x00000000fcf00000,0x00000000fde00000)
 ParOldGen       total 149504K, used 23774K [0x00000000e0000000, 0x00000000e9200000, 0x00000000f5580000)
  object space 149504K, 15% used [0x00000000e0000000,0x00000000e1737978,0x00000000e9200000)
 Metaspace       used 22211K, capacity 22630K, committed 23040K, reserved 1069056K
  class space    used 2856K, capacity 2980K, committed 3072K, reserved 1048576K
}
Event: 203.919 GC heap before
{Heap before GC invocations=24 (full 6):
 PSYoungGen      total 110080K, used 109697K [0x00000000f5580000, 0x00000000fde00000, 0x0000000100000000)
  eden space 109056K, 100% used [0x00000000f5580000,0x00000000fc000000,0x00000000fc000000)
  from space 1024K, 62% used [0x00000000fc200000,0x00000000fc2a07e0,0x00000000fc300000)
  to   space 15360K, 0% used [0x00000000fcf00000,0x00000000fcf00000,0x00000000fde00000)
 ParOldGen       total 149504K, used 23774K [0x00000000e0000000, 0x00000000e9200000, 0x00000000f5580000)
  object space 149504K, 15% used [0x00000000e0000000,0x00000000e1737978,0x00000000e9200000)
 Metaspace       used 22231K, capacity 22630K, committed 23040K, reserved 1069056K
  class space    used 2856K, capacity 2980K, committed 3072K, reserved 1048576K
Event: 203.921 GC heap after
Heap after GC invocations=24 (full 6):
 PSYoungGen      total 119296K, used 742K [0x00000000f5580000, 0x00000000fdb00000, 0x0000000100000000)
  eden space 107008K, 0% used [0x00000000f5580000,0x00000000f5580000,0x00000000fbe00000)
  from space 12288K, 6% used [0x00000000fcf00000,0x00000000fcfb9828,0x00000000fdb00000)
  to   space 14848K, 0% used [0x00000000fbe00000,0x00000000fbe00000,0x00000000fcc80000)
 ParOldGen       total 149504K, used 23862K [0x00000000e0000000, 0x00000000e9200000, 0x00000000f5580000)
  object space 149504K, 15% used [0x00000000e0000000,0x00000000e174d978,0x00000000e9200000)
 Metaspace       used 22231K, capacity 22630K, committed 23040K, reserved 1069056K
  class space    used 2856K, capacity 2980K, committed 3072K, reserved 1048576K
}
Event: 207.535 GC heap before
{Heap before GC invocations=25 (full 6):
 PSYoungGen      total 119296K, used 107750K [0x00000000f5580000, 0x00000000fdb00000, 0x0000000100000000)
  eden space 107008K, 100% used [0x00000000f5580000,0x00000000fbe00000,0x00000000fbe00000)
  from space 12288K, 6% used [0x00000000fcf00000,0x00000000fcfb9828,0x00000000fdb00000)
  to   space 14848K, 0% used [0x00000000fbe00000,0x00000000fbe00000,0x00000000fcc80000)
 ParOldGen       total 149504K, used 23862K [0x00000000e0000000, 0x00000000e9200000, 0x00000000f5580000)
  object space 149504K, 15% used [0x00000000e0000000,0x00000000e174d978,0x00000000e9200000)
 Metaspace       used 22232K, capacity 22630K, committed 23040K, reserved 1069056K
  class space    used 2856K, capacity 2980K, committed 3072K, reserved 1048576K
Event: 207.537 GC heap after
Heap after GC invocations=25 (full 6):
 PSYoungGen      total 105984K, used 729K [0x00000000f5580000, 0x00000000fd700000, 0x0000000100000000)
  eden space 104960K, 0% used [0x00000000f5580000,0x00000000f5580000,0x00000000fbc00000)
  from space 1024K, 71% used [0x00000000fbe00000,0x00000000fbeb67d0,0x00000000fbf00000)
  to   space 13824K, 0% used [0x00000000fc980000,0x00000000fc980000,0x00000000fd700000)
 ParOldGen       total 149504K, used 23958K [0x00000000e0000000, 0x00000000e9200000, 0x00000000f5580000)
  object space 149504K, 16% used [0x00000000e0000000,0x00000000e1765978,0x00000000e9200000)
 Metaspace       used 22232K, capacity 22630K, committed 23040K, reserved 1069056K
  class space    used 2856K, capacity 2980K, committed 3072K, reserved 1048576K
}
Event: 209.875 GC heap before
{Heap before GC invocations=26 (full 6):
 PSYoungGen      total 105984K, used 105689K [0x00000000f5580000, 0x00000000fd700000, 0x0000000100000000)
  eden space 104960K, 100% used [0x00000000f5580000,0x00000000fbc00000,0x00000000fbc00000)
  from space 1024K, 71% used [0x00000000fbe00000,0x00000000fbeb67d0,0x00000000fbf00000)
  to   space 13824K, 0% used [0x00000000fc980000,0x00000000fc980000,0x00000000fd700000)
 ParOldGen       total 149504K, used 23958K [0x00000000e0000000, 0x00000000e9200000, 0x00000000f5580000)
  object space 149504K, 16% used [0x00000000e0000000,0x00000000e1765978,0x00000000e9200000)
 Metaspace       used 22232K, capacity 22630K, committed 23040K, reserved 1069056K
  class space    used 2856K, capacity 2980K, committed 3072K, reserved 1048576K
Event: 209.877 GC heap after
Heap after GC invocations=26 (full 6):
 PSYoungGen      total 113664K, used 1163K [0x00000000f5580000, 0x00000000fd400000, 0x0000000100000000)
  eden space 102912K, 0% used [0x00000000f5580000,0x00000000f5580000,0x00000000fba00000)
  from space 10752K, 10% used [0x00000000fc980000,0x00000000fcaa2fa0,0x00000000fd400000)
  to   space 13312K, 0% used [0x00000000fba00000,0x00000000fba00000,0x00000000fc700000)
 ParOldGen       total 149504K, used 24311K [0x00000000e0000000, 0x00000000e9200000, 0x00000000f5580000)
  object space 149504K, 16% used [0x00000000e0000000,0x00000000e17bdc70,0x00000000e9200000)
 Metaspace       used 22232K, capacity 22630K, committed 23040K, reserved 1069056K
  class space    used 2856K, capacity 2980K, committed 3072K, reserved 1048576K
}
Event: 215.073 GC heap before
{Heap before GC invocations=27 (full 6):
 PSYoungGen      total 113664K, used 104075K [0x00000000f5580000, 0x00000000fd400000, 0x0000000100000000)
  eden space 102912K, 100% used [0x00000000f5580000,0x00000000fba00000,0x00000000fba00000)
  from space 10752K, 10% used [0x00000000fc980000,0x00000000fcaa2fa0,0x00000000fd400000)
  to   space 13312K, 0% used [0x00000000fba00000,0x00000000fba00000,0x00000000fc700000)
 ParOldGen       total 149504K, used 24311K [0x00000000e0000000, 0x00000000e9200000, 0x00000000f5580000)
  object space 149504K, 16% used [0x00000000e0000000,0x00000000e17bdc70,0x00000000e9200000)
 Metaspace       used 22232K, capacity 22630K, committed 23040K, reserved 1069056K
  class space    used 2856K, capacity 2980K, committed 3072K, reserved 1048576K
Event: 215.080 GC heap after
Heap after GC invocations=27 (full 6):
 PSYoungGen      total 101888K, used 660K [0x00000000f5580000, 0x00000000fd100000, 0x0000000100000000)
  eden space 100864K, 0% used [0x00000000f5580000,0x00000000f5580000,0x00000000fb800000)
  from space 1024K, 64% used [0x00000000fba00000,0x00000000fbaa5348,0x00000000fbb00000)
  to   space 12800K, 0% used [0x00000000fc480000,0x00000000fc480000,0x00000000fd100000)
 ParOldGen       total 149504K, used 24383K [0x00000000e0000000, 0x00000000e9200000, 0x00000000f5580000)
  object space 149504K, 16% used [0x00000000e0000000,0x00000000e17cfc70,0x00000000e9200000)
 Metaspace       used 22232K, capacity 22630K, committed 23040K, reserved 1069056K
  class space    used 2856K, capacity 2980K, committed 3072K, reserved 1048576K
}

Deoptimization events (10 events):
Event: 171.378 Thread 0x0000023aa53e8800 Uncommon trap: reason=unstable_if action=reinterpret pc=0x0000023a90d529c4 method=robocode.util.Utils.normalNearAbsoluteAngle(D)D @ 75
Event: 171.470 Thread 0x0000023ac0788800 Uncommon trap: reason=unstable_if action=reinterpret pc=0x0000023a90e2a914 method=sun.java2d.pipe.DrawImage.renderImageXform(Lsun/java2d/SunGraphics2D;Ljava/awt/Image;Ljava/awt/geom/AffineTransform;IIIIILjava/awt/Color;)V @ 247
Event: 180.227 Thread 0x0000023ac0788800 Uncommon trap: reason=unstable_if action=reinterpret pc=0x0000023a90bf7eb0 method=java.util.concurrent.locks.AbstractQueuedSynchronizer.isOnSyncQueue(Ljava/util/concurrent/locks/AbstractQueuedSynchronizer$Node;)Z @ 22
Event: 180.227 Thread 0x0000023aa53e8800 Uncommon trap: reason=unstable_if action=reinterpret pc=0x0000023a90c493a0 method=java.util.concurrent.locks.AbstractQueuedSynchronizer.acquireQueued(Ljava/util/concurrent/locks/AbstractQueuedSynchronizer$Node;I)Z @ 17
Event: 191.468 Thread 0x0000023ac0788800 Uncommon trap: reason=unstable_if action=reinterpret pc=0x0000023a90bed8d0 method=java.util.concurrent.locks.AbstractQueuedSynchronizer.isOnSyncQueue(Ljava/util/concurrent/locks/AbstractQueuedSynchronizer$Node;)Z @ 22
Event: 202.190 Thread 0x0000023ac0788800 Uncommon trap: reason=loop_limit_check action=maybe_recompile pc=0x0000023a90e61b00 method=java.awt.geom.AffineTransform.transform([FI[FII)V @ 473
Event: 203.721 Thread 0x0000023ac0788800 Uncommon trap: reason=unstable_if action=reinterpret pc=0x0000023a90925e00 method=java.awt.Container.findComponentAtImpl(IIZ)Ljava/awt/Component; @ 24
Event: 206.929 Thread 0x0000023aa53e8800 Uncommon trap: reason=unstable_if action=reinterpret pc=0x0000023a90cedb54 method=java.awt.geom.Arc2D.intersects(DDDD)Z @ 488
Event: 215.202 Thread 0x0000023aa53e9000 Uncommon trap: reason=unstable_if action=reinterpret pc=0x0000023a909ef320 method=net.sf.robocode.battle.peer.RobotPeer.checkSkippedTurn()V @ 33
Event: 215.202 Thread 0x0000023aa53e9000 Uncommon trap: reason=unstable_if action=reinterpret pc=0x0000023a90b8dd3c method=java.util.ArrayList.remove(I)Ljava/lang/Object; @ 31

Classes redefined (0 events):
No events

Internal exceptions (10 events):
Event: 132.318 Thread 0x0000023ac0788800 Exception <a 'java/io/FileNotFoundException'> (0x00000000fcad1278) thrown at [C:\jenkins\workspace\8-2-build-windows-x64-cygwin-sans-NAS\jdk8u401\683\hotspot\src\share\vm\prims\jni.cpp, line 710]
Event: 132.339 Thread 0x0000023ac0788800 Exception <a 'java/io/FileNotFoundException'> (0x00000000fcade628) thrown at [C:\jenkins\workspace\8-2-build-windows-x64-cygwin-sans-NAS\jdk8u401\683\hotspot\src\share\vm\prims\jni.cpp, line 710]
Event: 141.899 Thread 0x0000023ac0788800 Implicit null exception at 0x0000023a904dec12 to 0x0000023a904df3a1
Event: 151.851 Thread 0x0000023ac0788800 Implicit null exception at 0x0000023a904f0bb7 to 0x0000023a904f1ea9
Event: 151.851 Thread 0x0000023ac0788800 Implicit null exception at 0x0000023a9044e9ec to 0x0000023a9044f175
Event: 151.851 Thread 0x0000023ac0788800 Implicit null exception at 0x0000023a90ba6d53 to 0x0000023a90ba6f81
Event: 159.740 Thread 0x0000023ac0788800 Exception <a 'java/io/FileNotFoundException'> (0x00000000f633c4f8) thrown at [C:\jenkins\workspace\8-2-build-windows-x64-cygwin-sans-NAS\jdk8u401\683\hotspot\src\share\vm\prims\jni.cpp, line 710]
Event: 159.770 Thread 0x0000023ac0788800 Exception <a 'java/io/FileNotFoundException'> (0x00000000f63422f0) thrown at [C:\jenkins\workspace\8-2-build-windows-x64-cygwin-sans-NAS\jdk8u401\683\hotspot\src\share\vm\prims\jni.cpp, line 710]
Event: 159.973 Thread 0x0000023aa53e8800 Implicit null exception at 0x0000023a90afdb2c to 0x0000023a90afdb60
Event: 215.230 Thread 0x0000023aa53e9000 Exception <a 'system/SystemException'> (0x00000000f5a473c8) thrown at [C:\jenkins\workspace\8-2-build-windows-x64-cygwin-sans-NAS\jdk8u401\683\hotspot\src\share\vm\prims\jni.cpp, line 710]

Events (10 events):
Event: 215.080 Executing VM operation: ParallelGCFailedAllocation done
Event: 215.084 Thread 0x0000023aa53ea800 Thread added: 0x0000023aa53ea800
Event: 215.085 Thread 0x0000023aa53e9000 Thread added: 0x0000023aa53e9000
Event: 215.201 Thread 0x0000023aa53ea800 Thread exited: 0x0000023aa53ea800
Event: 215.202 Thread 0x0000023aa53e9000 Uncommon trap: trap_request=0xffffff65 fr.pc=0x0000023a909ef320
Event: 215.202 Thread 0x0000023aa53e9000 DEOPT PACKING pc=0x0000023a909ef320 sp=0x000000a19b87de10
Event: 215.202 Thread 0x0000023aa53e9000 DEOPT UNPACKING pc=0x0000023a8fe858c3 sp=0x000000a19b87dd50 mode 2
Event: 215.202 Thread 0x0000023aa53e9000 Uncommon trap: trap_request=0xffffff65 fr.pc=0x0000023a90b8dd3c
Event: 215.202 Thread 0x0000023aa53e9000 DEOPT PACKING pc=0x0000023a90b8dd3c sp=0x000000a19b87dcc0
Event: 215.202 Thread 0x0000023aa53e9000 DEOPT UNPACKING pc=0x0000023a8fe858c3 sp=0x000000a19b87dc68 mode 2


Dynamic libraries:
0x00007ff6174f0000 - 0x00007ff61753a000 	C:\Program Files\Java\jdk-1.8\bin\java.exe
0x00007ffe188b0000 - 0x00007ffe18ac6000 	C:\windows\SYSTEM32\ntdll.dll
0x00007ffe17500000 - 0x00007ffe175c4000 	C:\windows\System32\KERNEL32.DLL
0x00007ffe16050000 - 0x00007ffe163f7000 	C:\windows\System32\KERNELBASE.dll
0x00007ffe168a0000 - 0x00007ffe16952000 	C:\windows\System32\ADVAPI32.dll
0x00007ffe18430000 - 0x00007ffe184d7000 	C:\windows\System32\msvcrt.dll
0x00007ffe17380000 - 0x00007ffe17428000 	C:\windows\System32\sechost.dll
0x00007ffe15c70000 - 0x00007ffe15c98000 	C:\windows\System32\bcrypt.dll
0x00007ffe17e60000 - 0x00007ffe17f75000 	C:\windows\System32\RPCRT4.dll
0x00007ffe17cb0000 - 0x00007ffe17e5e000 	C:\windows\System32\USER32.dll
0x00007ffe15d90000 - 0x00007ffe15db6000 	C:\windows\System32\win32u.dll
0x00007ffe175d0000 - 0x00007ffe175f9000 	C:\windows\System32\GDI32.dll
0x00007ffe15dc0000 - 0x00007ffe15ed9000 	C:\windows\System32\gdi32full.dll
0x00007ffe15bd0000 - 0x00007ffe15c6a000 	C:\windows\System32\msvcp_win.dll
0x00007ffe164c0000 - 0x00007ffe165d1000 	C:\windows\System32\ucrtbase.dll
0x00007ffdf90b0000 - 0x00007ffdf9343000 	C:\windows\WinSxS\amd64_microsoft.windows.common-controls_6595b64144ccf1df_6.0.22621.3235_none_270f74e173860f98\COMCTL32.dll
0x00007ffe16740000 - 0x00007ffe16771000 	C:\windows\System32\IMM32.DLL
0x00007ffddfee0000 - 0x00007ffddfefb000 	C:\Program Files\Java\jdk-1.8\jre\bin\vcruntime140.dll
0x00007ffddc9f0000 - 0x00007ffddc9fc000 	C:\Program Files\Java\jdk-1.8\jre\bin\vcruntime140_1.dll
0x00007ffcebda0000 - 0x00007ffcebe2e000 	C:\Program Files\Java\jdk-1.8\jre\bin\msvcp140.dll
0x00007ffcd2760000 - 0x00007ffcd3010000 	C:\Program Files\Java\jdk-1.8\jre\bin\server\jvm.dll
0x00007ffe18420000 - 0x00007ffe18428000 	C:\windows\System32\PSAPI.DLL
0x00007ffe0d040000 - 0x00007ffe0d049000 	C:\windows\SYSTEM32\WSOCK32.dll
0x00007ffe0cb00000 - 0x00007ffe0cb0a000 	C:\windows\SYSTEM32\VERSION.dll
0x00007ffe0cdb0000 - 0x00007ffe0cde4000 	C:\windows\SYSTEM32\WINMM.dll
0x00007ffe16960000 - 0x00007ffe169d1000 	C:\windows\System32\WS2_32.dll
0x00007ffe14cc0000 - 0x00007ffe14cd8000 	C:\windows\SYSTEM32\kernel.appcore.dll
0x00007ffddc0c0000 - 0x00007ffddc0d0000 	C:\Program Files\Java\jdk-1.8\jre\bin\verify.dll
0x00007ffd80a30000 - 0x00007ffd80a5b000 	C:\Program Files\Java\jdk-1.8\jre\bin\java.dll
0x00007ffddae40000 - 0x00007ffddae58000 	C:\Program Files\Java\jdk-1.8\jre\bin\zip.dll
0x00007ffe16ac0000 - 0x00007ffe1731c000 	C:\windows\System32\SHELL32.dll
0x00007ffe13ae0000 - 0x00007ffe143d9000 	C:\windows\SYSTEM32\windows.storage.dll
0x00007ffe184e0000 - 0x00007ffe18868000 	C:\windows\System32\combase.dll
0x00007ffe139a0000 - 0x00007ffe13ade000 	C:\windows\SYSTEM32\wintypes.dll
0x00007ffe16780000 - 0x00007ffe16873000 	C:\windows\System32\SHCORE.dll
0x00007ffe17320000 - 0x00007ffe1737e000 	C:\windows\System32\shlwapi.dll
0x00007ffe15b00000 - 0x00007ffe15b21000 	C:\windows\SYSTEM32\profapi.dll
0x00007ffcd3fa0000 - 0x00007ffcd411f000 	C:\Program Files\Java\jdk-1.8\jre\bin\awt.dll
0x00007ffe17600000 - 0x00007ffe176d7000 	C:\windows\System32\OLEAUT32.dll
0x00007ffe12430000 - 0x00007ffe124c7000 	C:\windows\SYSTEM32\apphelp.dll
0x00007ffe12860000 - 0x00007ffe1290b000 	C:\windows\system32\uxtheme.dll
0x00007ffe165e0000 - 0x00007ffe16733000 	C:\windows\System32\MSCTF.dll
0x00007ffe18270000 - 0x00007ffe18415000 	C:\windows\System32\ole32.dll
0x00007ffe15d10000 - 0x00007ffe15d89000 	C:\windows\System32\bcryptPrimitives.dll
0x00000000682f0000 - 0x00000000682fa000 	C:\Users\peand\Downloads\AI-for-Computer-Games-main\AI-for-Computer-Games-main\Assignments\P2 - Robocode\Source\env\libs\jni4net.n.w64.v40-0.8.7.0.dll
0x00007ffe06cf0000 - 0x00007ffe06d5b000 	C:\windows\SYSTEM32\mscoree.dll
0x00007ffe06b40000 - 0x00007ffe06bdb000 	C:\Windows\Microsoft.NET\Framework64\v4.0.30319\mscoreei.dll
0x00007ffe05bb0000 - 0x00007ffe06554000 	C:\Windows\Microsoft.NET\Framework64\v4.0.30319\clr.dll
0x00007ffe05b80000 - 0x00007ffe05b9b000 	C:\windows\SYSTEM32\VCRUNTIME140_CLR0400.dll
0x00007ffe05a80000 - 0x00007ffe05b4d000 	C:\windows\SYSTEM32\ucrtbase_clr0400.dll
0x00007ffe05ba0000 - 0x00007ffe05bac000 	C:\windows\SYSTEM32\VCRUNTIME140_1_CLR0400.dll
0x00007ffe040b0000 - 0x00007ffe056bf000 	C:\windows\assembly\NativeImages_v4.0.30319_64\mscorlib\448a486950dceb6a540939cbe7df7d2c\mscorlib.ni.dll
0x00007ffe15410000 - 0x00007ffe1542b000 	C:\windows\SYSTEM32\CRYPTSP.dll
0x00007ffe14c20000 - 0x00007ffe14c55000 	C:\windows\system32\rsaenh.dll
0x00007ffe15320000 - 0x00007ffe1532c000 	C:\windows\SYSTEM32\CRYPTBASE.dll
0x00007ffe034e0000 - 0x00007ffe0360f000 	C:\Windows\Microsoft.NET\Framework64\v4.0.30319\clrjit.dll
0x00007ffdec730000 - 0x00007ffdec920000 	C:\windows\SYSTEM32\urlmon.dll
0x00007ffded750000 - 0x00007ffdeda0c000 	C:\windows\SYSTEM32\iertutil.dll
0x00007ffdec700000 - 0x00007ffdec728000 	C:\windows\SYSTEM32\srvcli.dll
0x00007ffe146a0000 - 0x00007ffe146ac000 	C:\windows\SYSTEM32\netutils.dll
0x00007ffe14f20000 - 0x00007ffe14f6c000 	C:\windows\SYSTEM32\SspiCli.dll
0x00007ffe0fd40000 - 0x00007ffe0fe41000 	C:\windows\SYSTEM32\PROPSYS.dll
0x00007ffe0e400000 - 0x00007ffe0e415000 	C:\windows\SYSTEM32\virtdisk.dll
0x00007ffe025b0000 - 0x00007ffe031ce000 	C:\windows\assembly\NativeImages_v4.0.30319_64\System\95d0282b6c6403bae690dcd3e65e7fad\System.ni.dll
0x00007ffdfb110000 - 0x00007ffdfb9c0000 	C:\windows\assembly\NativeImages_v4.0.30319_64\System.Xml\40ead3992325f0a142f5eec943a8d25b\System.Xml.ni.dll
0x00007ffde4b10000 - 0x00007ffde4d03000 	C:\windows\assembly\NativeImages_v4.0.30319_64\System.Drawing\c176ea1793393d4f6d9c9b6af6e6c20f\System.Drawing.ni.dll
0x00007ffe12df0000 - 0x00007ffe12e1b000 	C:\windows\system32\DWMAPI.DLL
0x00007ffe151c0000 - 0x00007ffe151e8000 	C:\windows\SYSTEM32\USERENV.dll
0x00007ffdda370000 - 0x00007ffdda38c000 	C:\Program Files\Java\jdk-1.8\jre\bin\net.dll
0x00007ffe15120000 - 0x00007ffe15189000 	C:\windows\system32\mswsock.dll
0x00007ffe146b0000 - 0x00007ffe146dd000 	C:\windows\SYSTEM32\IPHLPAPI.DLL
0x00007ffe174e0000 - 0x00007ffe174e9000 	C:\windows\System32\NSI.dll
0x00007ffe0e7f0000 - 0x00007ffe0e809000 	C:\windows\SYSTEM32\dhcpcsvc6.DLL
0x00007ffe0e7d0000 - 0x00007ffe0e7ef000 	C:\windows\SYSTEM32\dhcpcsvc.DLL
0x00007ffe14720000 - 0x00007ffe14819000 	C:\windows\SYSTEM32\DNSAPI.dll
0x00007ffdd6b70000 - 0x00007ffdd6b83000 	C:\Program Files\Java\jdk-1.8\jre\bin\nio.dll
0x00007ffd92d00000 - 0x00007ffd92e00000 	C:\windows\system32\opengl32.dll
0x00007ffd92cd0000 - 0x00007ffd92cfd000 	C:\windows\SYSTEM32\GLU32.dll
0x00007ffe12e60000 - 0x00007ffe12e99000 	C:\windows\SYSTEM32\dxcore.dll
0x00007ffd65180000 - 0x00007ffd651cf000 	C:\Program Files\Java\jdk-1.8\jre\bin\fontmanager.dll
0x00007ffd6e640000 - 0x00007ffd6e66a000 	C:\Program Files\Java\jdk-1.8\jre\bin\dcpr.dll
0x00007ffd1a360000 - 0x00007ffd1a3a3000 	C:\Program Files\Java\jdk-1.8\jre\bin\t2k.dll
0x00007ffe14ce0000 - 0x00007ffe14d14000 	C:\windows\SYSTEM32\ntmarta.dll
0x00007ffe17430000 - 0x00007ffe174e0000 	C:\windows\System32\clbcatq.dll
0x00007ffe10ae0000 - 0x00007ffe10c90000 	C:\windows\SYSTEM32\WindowsCodecs.dll
0x00007ffdd5170000 - 0x00007ffdd51ce000 	C:\windows\system32\dataexchange.dll
0x00007ffe0ed10000 - 0x00007ffe0ef9e000 	C:\windows\system32\twinapi.appcore.dll
0x00007ffdf7440000 - 0x00007ffdf758a000 	C:\windows\SYSTEM32\textinputframework.dll
0x00007ffddbc90000 - 0x00007ffddbc9d000 	C:\Program Files\Java\jdk-1.8\jre\bin\management.dll
0x00007ffe12020000 - 0x00007ffe12154000 	C:\windows\SYSTEM32\CoreMessaging.dll
0x00007ffe09960000 - 0x00007ffe09ccc000 	C:\windows\SYSTEM32\CoreUIComponents.dll
0x00007ffdf8c70000 - 0x00007ffdf8db1000 	C:\Windows\Microsoft.NET\Framework64\v4.0.30319\diasymreader.dll
0x00007ffdc3950000 - 0x00007ffdc3976000 	C:\windows\assembly\NativeImages_v4.0.30319_64\netstandard\167d90a05ecbd79382ebdf71a20353a0\netstandard.ni.dll
0x00007ffe13290000 - 0x00007ffe134c3000 	C:\windows\SYSTEM32\dbghelp.dll

VM Arguments:
jvm_args: -Xmx512M -XX:+IgnoreUnrecognizedVMOptions --add-opens=java.base/sun.net.www.protocol.jar=ALL-UNNAMED --add-opens=java.base/java.lang.reflect=ALL-UNNAMED --add-opens=java.desktop/sun.awt=ALL-UNNAMED 
java_command: robocode.Robocode
java_class_path (initial): libs/robocode.jar;libs/jni4net.j-0.8.7.0.jar
Launcher Type: SUN_STANDARD

Environment Variables:
PATH=C:\Program Files\Java\jdk-1.8\jre\bin\server\;C:\Program Files (x86)\Common Files\Oracle\Java\javapath;C:\windows\system32;C:\windows;C:\windows\System32\Wbem;C:\windows\System32\WindowsPowerShell\v1.0\;C:\windows\System32\OpenSSH\;C:\Program Files (x86)\NVIDIA Corporation\PhysX\Common;C:\Program Files\NVIDIA Corporation\NVIDIA NvDLISR;C:\Users\Administrator\AppData\Local\Microsoft\WindowsApps;C:\Program Files\HP\OMEN-Broadcast\Common;C:\Program Files\Microsoft SQL Server\150\Tools\Binn\;C:\Program Files\Microsoft SQL Server\Client SDK\ODBC\170\Tools\Binn\;C:\Program Files\dotnet\;C:\Program Files (x86)\Windows Kits\10\Windows Performance Toolkit\;C:\Program Files\Git\cmd;C:\Program Files\nodejs\;C:\Program Files\HP\HP One Agent;C:\Users\peand\AppData\Local\Programs\Python\Launcher\;C:\Users\peand\AppData\Local\Microsoft\WindowsApps;C:\Users\peand\.dotnet\tools;C:\Program Files\JetBrains\IntelliJ IDEA 2023.3.2\bin;C:\Users\peand\PyCharm 2023.3.3\bin;C:\Users\peand\AppData\Local\GitHubDesktop\bin;C:\Program Files\JetBrains\GoLand 2023.3.3\bin;C:\Users\peand\AppData\Local\gitkraken\bin;C:\Users\peand\AppData\Roaming\npm;C:\Users\peand\Microsoft VS Code\bin;C:\Users\peand\.dotnet\tools
USERNAME=peand
OS=Windows_NT
PROCESSOR_IDENTIFIER=Intel64 Family 6 Model 191 Stepping 2, GenuineIntel



---------------  S Y S T E M  ---------------

OS: Windows 11 , 64 bit Build 22621 (10.0.22621.3374)

CPU:total 24 (initial active 24) (12 cores per cpu, 2 threads per core) family 6 model 191 stepping 2, cmov, cx8, fxsr, mmx, sse, sse2, sse3, ssse3, sse4.1, sse4.2, popcnt, avx, avx2, aes, clmul, erms, 3dnowpref, lzcnt, ht, tsc, tscinvbit, bmi1, bmi2, adx

Memory: 4k page, physical 33240568k(16768020k free), swap 36386296k(10541172k free)

vm_info: Java HotSpot(TM) 64-Bit Server VM (25.401-b10) for windows-amd64 JRE (1.8.0_401-b10), built on Dec 19 2023 12:38:48 by "java_re" with MS VC++ 17.1 (VS2022)

time: Sat Apr 20 15:30:57 2024
timezone: Pacific Daylight Time
elapsed time: 215.299222 seconds (0d 0h 3m 35s)

